CRITICAL - 2022-04-05 20:48:04 --> Undefined variable $id_s
#0 C:\xampp\htdocs\spk_seminar\app\Controllers\Admin\Dashboard.php(308): CodeIgniter\Debug\Exceptions->errorHandler(2, 'Undefined varia...', 'C:\\xampp\\htdocs...', 308)
#1 C:\xampp\htdocs\spk_seminar\system\CodeIgniter.php(832): App\Controllers\Admin\Dashboard->criteria()
#2 C:\xampp\htdocs\spk_seminar\system\CodeIgniter.php(419): CodeIgniter\CodeIgniter->runController(Object(App\Controllers\Admin\Dashboard))
#3 C:\xampp\htdocs\spk_seminar\system\CodeIgniter.php(326): CodeIgniter\CodeIgniter->handleRequest(NULL, Object(Config\Cache), false)
#4 C:\xampp\htdocs\spk_seminar\public\index.php(37): CodeIgniter\CodeIgniter->run()
#5 C:\xampp\htdocs\spk_seminar\system\Commands\Server\rewrite.php(43): require_once('C:\\xampp\\htdocs...')
#6 {main}
CRITICAL - 2022-04-05 20:48:20 --> count(): Argument #1 ($value) must be of type Countable|array, null given
#0 C:\xampp\htdocs\spk_seminar\system\View\View.php(210): include()
#1 C:\xampp\htdocs\spk_seminar\system\View\View.php(213): CodeIgniter\View\View->CodeIgniter\View\{closure}()
#2 C:\xampp\htdocs\spk_seminar\system\View\View.php(226): CodeIgniter\View\View->render('dashboard/layou...', Array, true)
#3 C:\xampp\htdocs\spk_seminar\system\Common.php(1089): CodeIgniter\View\View->render('dashboard/admin...', Array, true)
#4 C:\xampp\htdocs\spk_seminar\app\Controllers\Admin\Dashboard.php(314): view('dashboard/admin...', Array)
#5 C:\xampp\htdocs\spk_seminar\system\CodeIgniter.php(832): App\Controllers\Admin\Dashboard->criteria()
#6 C:\xampp\htdocs\spk_seminar\system\CodeIgniter.php(419): CodeIgniter\CodeIgniter->runController(Object(App\Controllers\Admin\Dashboard))
#7 C:\xampp\htdocs\spk_seminar\system\CodeIgniter.php(326): CodeIgniter\CodeIgniter->handleRequest(NULL, Object(Config\Cache), false)
#8 C:\xampp\htdocs\spk_seminar\public\index.php(37): CodeIgniter\CodeIgniter->run()
#9 C:\xampp\htdocs\spk_seminar\system\Commands\Server\rewrite.php(43): require_once('C:\\xampp\\htdocs...')
#10 {main}
