CRITICAL - 2022-04-08 21:00:26 --> Undefined property: App\Controllers\Admin\Dashboard::$participantModel
#0 C:\xampp\htdocs\spk_seminar\app\Controllers\Admin\Dashboard.php(576): CodeIgniter\Debug\Exceptions->errorHandler(2, 'Undefined prope...', 'C:\\xampp\\htdocs...', 576)
#1 C:\xampp\htdocs\spk_seminar\system\CodeIgniter.php(832): App\Controllers\Admin\Dashboard->comprehension()
#2 C:\xampp\htdocs\spk_seminar\system\CodeIgniter.php(419): CodeIgniter\CodeIgniter->runController(Object(App\Controllers\Admin\Dashboard))
#3 C:\xampp\htdocs\spk_seminar\system\CodeIgniter.php(326): CodeIgniter\CodeIgniter->handleRequest(NULL, Object(Config\Cache), false)
#4 C:\xampp\htdocs\spk_seminar\public\index.php(37): CodeIgniter\CodeIgniter->run()
#5 C:\xampp\htdocs\spk_seminar\system\Commands\Server\rewrite.php(43): require_once('C:\\xampp\\htdocs...')
#6 {main}
CRITICAL - 2022-04-08 21:06:40 --> Undefined property: App\Controllers\Admin\Dashboard::$participantModel
#0 C:\xampp\htdocs\spk_seminar\app\Controllers\Admin\Dashboard.php(576): CodeIgniter\Debug\Exceptions->errorHandler(2, 'Undefined prope...', 'C:\\xampp\\htdocs...', 576)
#1 C:\xampp\htdocs\spk_seminar\system\CodeIgniter.php(832): App\Controllers\Admin\Dashboard->comprehension()
#2 C:\xampp\htdocs\spk_seminar\system\CodeIgniter.php(419): CodeIgniter\CodeIgniter->runController(Object(App\Controllers\Admin\Dashboard))
#3 C:\xampp\htdocs\spk_seminar\system\CodeIgniter.php(326): CodeIgniter\CodeIgniter->handleRequest(NULL, Object(Config\Cache), false)
#4 C:\xampp\htdocs\spk_seminar\public\index.php(37): CodeIgniter\CodeIgniter->run()
#5 C:\xampp\htdocs\spk_seminar\system\Commands\Server\rewrite.php(43): require_once('C:\\xampp\\htdocs...')
#6 {main}
CRITICAL - 2022-04-08 21:09:09 --> Undefined property: App\Controllers\Admin\Dashboard::$participantModel
#0 C:\xampp\htdocs\spk_seminar\app\Controllers\Admin\Dashboard.php(580): CodeIgniter\Debug\Exceptions->errorHandler(2, 'Undefined prope...', 'C:\\xampp\\htdocs...', 580)
#1 C:\xampp\htdocs\spk_seminar\system\CodeIgniter.php(832): App\Controllers\Admin\Dashboard->comprehension()
#2 C:\xampp\htdocs\spk_seminar\system\CodeIgniter.php(419): CodeIgniter\CodeIgniter->runController(Object(App\Controllers\Admin\Dashboard))
#3 C:\xampp\htdocs\spk_seminar\system\CodeIgniter.php(326): CodeIgniter\CodeIgniter->handleRequest(NULL, Object(Config\Cache), false)
#4 C:\xampp\htdocs\spk_seminar\public\index.php(37): CodeIgniter\CodeIgniter->run()
#5 C:\xampp\htdocs\spk_seminar\system\Commands\Server\rewrite.php(43): require_once('C:\\xampp\\htdocs...')
#6 {main}
