CRITICAL - 2022-04-06 20:39:39 --> Undefined property: App\Controllers\Student\Dashboard::$seminarModel
#0 C:\xampp\htdocs\spk_seminar\app\Controllers\Student\Dashboard.php(23): CodeIgniter\Debug\Exceptions->errorHandler(2, 'Undefined prope...', 'C:\\xampp\\htdocs...', 23)
#1 C:\xampp\htdocs\spk_seminar\system\CodeIgniter.php(832): App\Controllers\Student\Dashboard->index()
#2 C:\xampp\htdocs\spk_seminar\system\CodeIgniter.php(419): CodeIgniter\CodeIgniter->runController(Object(App\Controllers\Student\Dashboard))
#3 C:\xampp\htdocs\spk_seminar\system\CodeIgniter.php(326): CodeIgniter\CodeIgniter->handleRequest(NULL, Object(Config\Cache), false)
#4 C:\xampp\htdocs\spk_seminar\public\index.php(37): CodeIgniter\CodeIgniter->run()
#5 C:\xampp\htdocs\spk_seminar\system\Commands\Server\rewrite.php(43): require_once('C:\\xampp\\htdocs...')
#6 {main}
CRITICAL - 2022-04-06 20:40:10 --> Undefined property: App\Controllers\Student\Dashboard::$seminarModel
#0 C:\xampp\htdocs\spk_seminar\app\Controllers\Student\Dashboard.php(24): CodeIgniter\Debug\Exceptions->errorHandler(2, 'Undefined prope...', 'C:\\xampp\\htdocs...', 24)
#1 C:\xampp\htdocs\spk_seminar\system\CodeIgniter.php(832): App\Controllers\Student\Dashboard->index()
#2 C:\xampp\htdocs\spk_seminar\system\CodeIgniter.php(419): CodeIgniter\CodeIgniter->runController(Object(App\Controllers\Student\Dashboard))
#3 C:\xampp\htdocs\spk_seminar\system\CodeIgniter.php(326): CodeIgniter\CodeIgniter->handleRequest(NULL, Object(Config\Cache), false)
#4 C:\xampp\htdocs\spk_seminar\public\index.php(37): CodeIgniter\CodeIgniter->run()
#5 C:\xampp\htdocs\spk_seminar\system\Commands\Server\rewrite.php(43): require_once('C:\\xampp\\htdocs...')
#6 {main}
CRITICAL - 2022-04-06 20:40:26 --> count(): Argument #1 ($value) must be of type Countable|array, null given
#0 C:\xampp\htdocs\spk_seminar\system\View\View.php(210): include()
#1 C:\xampp\htdocs\spk_seminar\system\View\View.php(213): CodeIgniter\View\View->CodeIgniter\View\{closure}()
#2 C:\xampp\htdocs\spk_seminar\system\View\View.php(226): CodeIgniter\View\View->render('dashboard/layou...', Array, true)
#3 C:\xampp\htdocs\spk_seminar\system\Common.php(1089): CodeIgniter\View\View->render('dashboard/index', Array, true)
#4 C:\xampp\htdocs\spk_seminar\app\Controllers\Student\Dashboard.php(29): view('dashboard/index', Array)
#5 C:\xampp\htdocs\spk_seminar\system\CodeIgniter.php(832): App\Controllers\Student\Dashboard->index()
#6 C:\xampp\htdocs\spk_seminar\system\CodeIgniter.php(419): CodeIgniter\CodeIgniter->runController(Object(App\Controllers\Student\Dashboard))
#7 C:\xampp\htdocs\spk_seminar\system\CodeIgniter.php(326): CodeIgniter\CodeIgniter->handleRequest(NULL, Object(Config\Cache), false)
#8 C:\xampp\htdocs\spk_seminar\public\index.php(37): CodeIgniter\CodeIgniter->run()
#9 C:\xampp\htdocs\spk_seminar\system\Commands\Server\rewrite.php(43): require_once('C:\\xampp\\htdocs...')
#10 {main}
CRITICAL - 2022-04-06 21:22:00 --> Undefined property: App\Controllers\Student\Dashboard::$participantsModel
#0 C:\xampp\htdocs\spk_seminar\app\Controllers\Student\Dashboard.php(28): CodeIgniter\Debug\Exceptions->errorHandler(2, 'Undefined prope...', 'C:\\xampp\\htdocs...', 28)
#1 C:\xampp\htdocs\spk_seminar\system\CodeIgniter.php(832): App\Controllers\Student\Dashboard->index()
#2 C:\xampp\htdocs\spk_seminar\system\CodeIgniter.php(419): CodeIgniter\CodeIgniter->runController(Object(App\Controllers\Student\Dashboard))
#3 C:\xampp\htdocs\spk_seminar\system\CodeIgniter.php(326): CodeIgniter\CodeIgniter->handleRequest(NULL, Object(Config\Cache), false)
#4 C:\xampp\htdocs\spk_seminar\public\index.php(37): CodeIgniter\CodeIgniter->run()
#5 C:\xampp\htdocs\spk_seminar\system\Commands\Server\rewrite.php(43): require_once('C:\\xampp\\htdocs...')
#6 {main}
CRITICAL - 2022-04-06 21:54:57 --> Undefined variable $fields
#0 C:\xampp\htdocs\spk_seminar\app\Views\dashboard\student\participant\add.php(55): CodeIgniter\Debug\Exceptions->errorHandler(2, 'Undefined varia...', 'C:\\xampp\\htdocs...', 55)
#1 C:\xampp\htdocs\spk_seminar\system\View\View.php(210): include('C:\\xampp\\htdocs...')
#2 C:\xampp\htdocs\spk_seminar\system\View\View.php(213): CodeIgniter\View\View->CodeIgniter\View\{closure}()
#3 C:\xampp\htdocs\spk_seminar\system\Common.php(1089): CodeIgniter\View\View->render('dashboard/stude...', Array, true)
#4 C:\xampp\htdocs\spk_seminar\app\Controllers\Student\Dashboard.php(59): view('dashboard/stude...', Array)
#5 C:\xampp\htdocs\spk_seminar\system\CodeIgniter.php(832): App\Controllers\Student\Dashboard->add_participant()
#6 C:\xampp\htdocs\spk_seminar\system\CodeIgniter.php(419): CodeIgniter\CodeIgniter->runController(Object(App\Controllers\Student\Dashboard))
#7 C:\xampp\htdocs\spk_seminar\system\CodeIgniter.php(326): CodeIgniter\CodeIgniter->handleRequest(NULL, Object(Config\Cache), false)
#8 C:\xampp\htdocs\spk_seminar\public\index.php(37): CodeIgniter\CodeIgniter->run()
#9 C:\xampp\htdocs\spk_seminar\system\Commands\Server\rewrite.php(43): require_once('C:\\xampp\\htdocs...')
#10 {main}
