CRITICAL - 2022-03-26 15:09:32 --> Invalid file: admin/scripts/account.php
#0 C:\xampp\htdocs\spk_seminar\system\View\View.php(198): CodeIgniter\Exceptions\FrameworkException::forInvalidFile('admin/scripts/a...')
#1 C:\xampp\htdocs\spk_seminar\system\Common.php(1089): CodeIgniter\View\View->render('admin/scripts/a...', Array, true)
#2 C:\xampp\htdocs\spk_seminar\app\Views\dashboard\layout\template.php(174): view('admin/scripts/a...')
#3 C:\xampp\htdocs\spk_seminar\system\View\View.php(210): include('C:\\xampp\\htdocs...')
#4 C:\xampp\htdocs\spk_seminar\system\View\View.php(213): CodeIgniter\View\View->CodeIgniter\View\{closure}()
#5 C:\xampp\htdocs\spk_seminar\system\View\View.php(226): CodeIgniter\View\View->render('dashboard/layou...', Array, true)
#6 C:\xampp\htdocs\spk_seminar\system\Common.php(1089): CodeIgniter\View\View->render('dashboard/profi...', Array, true)
#7 C:\xampp\htdocs\spk_seminar\app\Controllers\Admin\Dashboard.php(51): view('dashboard/profi...', Array)
#8 C:\xampp\htdocs\spk_seminar\system\CodeIgniter.php(832): App\Controllers\Admin\Dashboard->profile()
#9 C:\xampp\htdocs\spk_seminar\system\CodeIgniter.php(419): CodeIgniter\CodeIgniter->runController(Object(App\Controllers\Admin\Dashboard))
#10 C:\xampp\htdocs\spk_seminar\system\CodeIgniter.php(326): CodeIgniter\CodeIgniter->handleRequest(NULL, Object(Config\Cache), false)
#11 C:\xampp\htdocs\spk_seminar\public\index.php(37): CodeIgniter\CodeIgniter->run()
#12 C:\xampp\htdocs\spk_seminar\system\Commands\Server\rewrite.php(43): require_once('C:\\xampp\\htdocs...')
#13 {main}
CRITICAL - 2022-03-26 15:10:10 --> Invalid file: admin/scripts/account.php
#0 C:\xampp\htdocs\spk_seminar\system\View\View.php(198): CodeIgniter\Exceptions\FrameworkException::forInvalidFile('admin/scripts/a...')
#1 C:\xampp\htdocs\spk_seminar\system\Common.php(1089): CodeIgniter\View\View->render('admin/scripts/a...', Array, true)
#2 C:\xampp\htdocs\spk_seminar\app\Views\dashboard\layout\template.php(174): view('admin/scripts/a...')
#3 C:\xampp\htdocs\spk_seminar\system\View\View.php(210): include('C:\\xampp\\htdocs...')
#4 C:\xampp\htdocs\spk_seminar\system\View\View.php(213): CodeIgniter\View\View->CodeIgniter\View\{closure}()
#5 C:\xampp\htdocs\spk_seminar\system\View\View.php(226): CodeIgniter\View\View->render('dashboard/layou...', Array, true)
#6 C:\xampp\htdocs\spk_seminar\system\Common.php(1089): CodeIgniter\View\View->render('dashboard/profi...', Array, true)
#7 C:\xampp\htdocs\spk_seminar\app\Controllers\Admin\Dashboard.php(51): view('dashboard/profi...', Array)
#8 C:\xampp\htdocs\spk_seminar\system\CodeIgniter.php(832): App\Controllers\Admin\Dashboard->profile()
#9 C:\xampp\htdocs\spk_seminar\system\CodeIgniter.php(419): CodeIgniter\CodeIgniter->runController(Object(App\Controllers\Admin\Dashboard))
#10 C:\xampp\htdocs\spk_seminar\system\CodeIgniter.php(326): CodeIgniter\CodeIgniter->handleRequest(NULL, Object(Config\Cache), false)
#11 C:\xampp\htdocs\spk_seminar\public\index.php(37): CodeIgniter\CodeIgniter->run()
#12 C:\xampp\htdocs\spk_seminar\system\Commands\Server\rewrite.php(43): require_once('C:\\xampp\\htdocs...')
#13 {main}
CRITICAL - 2022-03-26 15:12:38 --> Invalid file: admin/scripts/account.php
#0 C:\xampp\htdocs\spk_seminar\system\View\View.php(198): CodeIgniter\Exceptions\FrameworkException::forInvalidFile('admin/scripts/a...')
#1 C:\xampp\htdocs\spk_seminar\system\Common.php(1089): CodeIgniter\View\View->render('admin/scripts/a...', Array, true)
#2 C:\xampp\htdocs\spk_seminar\app\Views\dashboard\layout\template.php(174): view('admin/scripts/a...')
#3 C:\xampp\htdocs\spk_seminar\system\View\View.php(210): include('C:\\xampp\\htdocs...')
#4 C:\xampp\htdocs\spk_seminar\system\View\View.php(213): CodeIgniter\View\View->CodeIgniter\View\{closure}()
#5 C:\xampp\htdocs\spk_seminar\system\View\View.php(226): CodeIgniter\View\View->render('dashboard/layou...', Array, true)
#6 C:\xampp\htdocs\spk_seminar\system\Common.php(1089): CodeIgniter\View\View->render('dashboard/profi...', Array, true)
#7 C:\xampp\htdocs\spk_seminar\app\Controllers\Admin\Dashboard.php(51): view('dashboard/profi...', Array)
#8 C:\xampp\htdocs\spk_seminar\system\CodeIgniter.php(832): App\Controllers\Admin\Dashboard->profile()
#9 C:\xampp\htdocs\spk_seminar\system\CodeIgniter.php(419): CodeIgniter\CodeIgniter->runController(Object(App\Controllers\Admin\Dashboard))
#10 C:\xampp\htdocs\spk_seminar\system\CodeIgniter.php(326): CodeIgniter\CodeIgniter->handleRequest(NULL, Object(Config\Cache), false)
#11 C:\xampp\htdocs\spk_seminar\public\index.php(37): CodeIgniter\CodeIgniter->run()
#12 C:\xampp\htdocs\spk_seminar\system\Commands\Server\rewrite.php(43): require_once('C:\\xampp\\htdocs...')
#13 {main}
CRITICAL - 2022-03-26 15:12:39 --> Invalid file: admin/scripts/account.php
#0 C:\xampp\htdocs\spk_seminar\system\View\View.php(198): CodeIgniter\Exceptions\FrameworkException::forInvalidFile('admin/scripts/a...')
#1 C:\xampp\htdocs\spk_seminar\system\Common.php(1089): CodeIgniter\View\View->render('admin/scripts/a...', Array, true)
#2 C:\xampp\htdocs\spk_seminar\app\Views\dashboard\layout\template.php(174): view('admin/scripts/a...')
#3 C:\xampp\htdocs\spk_seminar\system\View\View.php(210): include('C:\\xampp\\htdocs...')
#4 C:\xampp\htdocs\spk_seminar\system\View\View.php(213): CodeIgniter\View\View->CodeIgniter\View\{closure}()
#5 C:\xampp\htdocs\spk_seminar\system\View\View.php(226): CodeIgniter\View\View->render('dashboard/layou...', Array, true)
#6 C:\xampp\htdocs\spk_seminar\system\Common.php(1089): CodeIgniter\View\View->render('dashboard/profi...', Array, true)
#7 C:\xampp\htdocs\spk_seminar\app\Controllers\Admin\Dashboard.php(51): view('dashboard/profi...', Array)
#8 C:\xampp\htdocs\spk_seminar\system\CodeIgniter.php(832): App\Controllers\Admin\Dashboard->profile()
#9 C:\xampp\htdocs\spk_seminar\system\CodeIgniter.php(419): CodeIgniter\CodeIgniter->runController(Object(App\Controllers\Admin\Dashboard))
#10 C:\xampp\htdocs\spk_seminar\system\CodeIgniter.php(326): CodeIgniter\CodeIgniter->handleRequest(NULL, Object(Config\Cache), false)
#11 C:\xampp\htdocs\spk_seminar\public\index.php(37): CodeIgniter\CodeIgniter->run()
#12 C:\xampp\htdocs\spk_seminar\system\Commands\Server\rewrite.php(43): require_once('C:\\xampp\\htdocs...')
#13 {main}
CRITICAL - 2022-03-26 15:12:39 --> Invalid file: admin/scripts/account.php
#0 C:\xampp\htdocs\spk_seminar\system\View\View.php(198): CodeIgniter\Exceptions\FrameworkException::forInvalidFile('admin/scripts/a...')
#1 C:\xampp\htdocs\spk_seminar\system\Common.php(1089): CodeIgniter\View\View->render('admin/scripts/a...', Array, true)
#2 C:\xampp\htdocs\spk_seminar\app\Views\dashboard\layout\template.php(174): view('admin/scripts/a...')
#3 C:\xampp\htdocs\spk_seminar\system\View\View.php(210): include('C:\\xampp\\htdocs...')
#4 C:\xampp\htdocs\spk_seminar\system\View\View.php(213): CodeIgniter\View\View->CodeIgniter\View\{closure}()
#5 C:\xampp\htdocs\spk_seminar\system\View\View.php(226): CodeIgniter\View\View->render('dashboard/layou...', Array, true)
#6 C:\xampp\htdocs\spk_seminar\system\Common.php(1089): CodeIgniter\View\View->render('dashboard/profi...', Array, true)
#7 C:\xampp\htdocs\spk_seminar\app\Controllers\Admin\Dashboard.php(51): view('dashboard/profi...', Array)
#8 C:\xampp\htdocs\spk_seminar\system\CodeIgniter.php(832): App\Controllers\Admin\Dashboard->profile()
#9 C:\xampp\htdocs\spk_seminar\system\CodeIgniter.php(419): CodeIgniter\CodeIgniter->runController(Object(App\Controllers\Admin\Dashboard))
#10 C:\xampp\htdocs\spk_seminar\system\CodeIgniter.php(326): CodeIgniter\CodeIgniter->handleRequest(NULL, Object(Config\Cache), false)
#11 C:\xampp\htdocs\spk_seminar\public\index.php(37): CodeIgniter\CodeIgniter->run()
#12 C:\xampp\htdocs\spk_seminar\system\Commands\Server\rewrite.php(43): require_once('C:\\xampp\\htdocs...')
#13 {main}
CRITICAL - 2022-03-26 15:12:44 --> Invalid file: admin/scripts/account.php
#0 C:\xampp\htdocs\spk_seminar\system\View\View.php(198): CodeIgniter\Exceptions\FrameworkException::forInvalidFile('admin/scripts/a...')
#1 C:\xampp\htdocs\spk_seminar\system\Common.php(1089): CodeIgniter\View\View->render('admin/scripts/a...', Array, true)
#2 C:\xampp\htdocs\spk_seminar\app\Views\dashboard\layout\template.php(174): view('admin/scripts/a...')
#3 C:\xampp\htdocs\spk_seminar\system\View\View.php(210): include('C:\\xampp\\htdocs...')
#4 C:\xampp\htdocs\spk_seminar\system\View\View.php(213): CodeIgniter\View\View->CodeIgniter\View\{closure}()
#5 C:\xampp\htdocs\spk_seminar\system\View\View.php(226): CodeIgniter\View\View->render('dashboard/layou...', Array, true)
#6 C:\xampp\htdocs\spk_seminar\system\Common.php(1089): CodeIgniter\View\View->render('dashboard/profi...', Array, true)
#7 C:\xampp\htdocs\spk_seminar\app\Controllers\Admin\Dashboard.php(51): view('dashboard/profi...', Array)
#8 C:\xampp\htdocs\spk_seminar\system\CodeIgniter.php(832): App\Controllers\Admin\Dashboard->profile()
#9 C:\xampp\htdocs\spk_seminar\system\CodeIgniter.php(419): CodeIgniter\CodeIgniter->runController(Object(App\Controllers\Admin\Dashboard))
#10 C:\xampp\htdocs\spk_seminar\system\CodeIgniter.php(326): CodeIgniter\CodeIgniter->handleRequest(NULL, Object(Config\Cache), false)
#11 C:\xampp\htdocs\spk_seminar\public\index.php(37): CodeIgniter\CodeIgniter->run()
#12 C:\xampp\htdocs\spk_seminar\system\Commands\Server\rewrite.php(43): require_once('C:\\xampp\\htdocs...')
#13 {main}
CRITICAL - 2022-03-26 15:14:44 --> Undefined variable $file_name
#0 C:\xampp\htdocs\spk_seminar\app\Controllers\Admin\Dashboard.php(127): CodeIgniter\Debug\Exceptions->errorHandler(2, 'Undefined varia...', 'C:\\xampp\\htdocs...', 127)
#1 C:\xampp\htdocs\spk_seminar\system\CodeIgniter.php(832): App\Controllers\Admin\Dashboard->profile_image_save()
#2 C:\xampp\htdocs\spk_seminar\system\CodeIgniter.php(419): CodeIgniter\CodeIgniter->runController(Object(App\Controllers\Admin\Dashboard))
#3 C:\xampp\htdocs\spk_seminar\system\CodeIgniter.php(326): CodeIgniter\CodeIgniter->handleRequest(NULL, Object(Config\Cache), false)
#4 C:\xampp\htdocs\spk_seminar\public\index.php(37): CodeIgniter\CodeIgniter->run()
#5 C:\xampp\htdocs\spk_seminar\system\Commands\Server\rewrite.php(43): require_once('C:\\xampp\\htdocs...')
#6 {main}
CRITICAL - 2022-03-26 15:15:26 --> There is no data to update.
#0 C:\xampp\htdocs\spk_seminar\system\BaseModel.php(846): CodeIgniter\Database\Exceptions\DataException::forEmptyDataset('update')
#1 C:\xampp\htdocs\spk_seminar\system\Model.php(651): CodeIgniter\BaseModel->update(Array, Array)
#2 C:\xampp\htdocs\spk_seminar\app\Controllers\Admin\Dashboard.php(127): CodeIgniter\Model->update('1', Array)
#3 C:\xampp\htdocs\spk_seminar\system\CodeIgniter.php(832): App\Controllers\Admin\Dashboard->profile_image_save()
#4 C:\xampp\htdocs\spk_seminar\system\CodeIgniter.php(419): CodeIgniter\CodeIgniter->runController(Object(App\Controllers\Admin\Dashboard))
#5 C:\xampp\htdocs\spk_seminar\system\CodeIgniter.php(326): CodeIgniter\CodeIgniter->handleRequest(NULL, Object(Config\Cache), false)
#6 C:\xampp\htdocs\spk_seminar\public\index.php(37): CodeIgniter\CodeIgniter->run()
#7 C:\xampp\htdocs\spk_seminar\system\Commands\Server\rewrite.php(43): require_once('C:\\xampp\\htdocs...')
#8 {main}
CRITICAL - 2022-03-26 19:22:02 --> Attempt to read property "name" on array
#0 C:\xampp\htdocs\spk_seminar\app\Views\dashboard\admin\field_seminar\index.php(35): CodeIgniter\Debug\Exceptions->errorHandler(2, 'Attempt to read...', 'C:\\xampp\\htdocs...', 35)
#1 C:\xampp\htdocs\spk_seminar\system\View\View.php(210): include('C:\\xampp\\htdocs...')
#2 C:\xampp\htdocs\spk_seminar\system\View\View.php(213): CodeIgniter\View\View->CodeIgniter\View\{closure}()
#3 C:\xampp\htdocs\spk_seminar\system\Common.php(1089): CodeIgniter\View\View->render('dashboard/admin...', Array, true)
#4 C:\xampp\htdocs\spk_seminar\app\Controllers\Admin\Dashboard.php(41): view('dashboard/admin...', Array)
#5 C:\xampp\htdocs\spk_seminar\system\CodeIgniter.php(832): App\Controllers\Admin\Dashboard->field_seminar()
#6 C:\xampp\htdocs\spk_seminar\system\CodeIgniter.php(419): CodeIgniter\CodeIgniter->runController(Object(App\Controllers\Admin\Dashboard))
#7 C:\xampp\htdocs\spk_seminar\system\CodeIgniter.php(326): CodeIgniter\CodeIgniter->handleRequest(NULL, Object(Config\Cache), false)
#8 C:\xampp\htdocs\spk_seminar\public\index.php(37): CodeIgniter\CodeIgniter->run()
#9 C:\xampp\htdocs\spk_seminar\system\Commands\Server\rewrite.php(43): require_once('C:\\xampp\\htdocs...')
#10 {main}
CRITICAL - 2022-03-26 19:29:14 --> Undefined variable $validation
#0 C:\xampp\htdocs\spk_seminar\app\Views\dashboard\admin\field_seminar\edit.php(25): CodeIgniter\Debug\Exceptions->errorHandler(2, 'Undefined varia...', 'C:\\xampp\\htdocs...', 25)
#1 C:\xampp\htdocs\spk_seminar\system\View\View.php(210): include('C:\\xampp\\htdocs...')
#2 C:\xampp\htdocs\spk_seminar\system\View\View.php(213): CodeIgniter\View\View->CodeIgniter\View\{closure}()
#3 C:\xampp\htdocs\spk_seminar\system\Common.php(1089): CodeIgniter\View\View->render('dashboard/admin...', Array, true)
#4 C:\xampp\htdocs\spk_seminar\app\Controllers\Admin\Dashboard.php(87): view('dashboard/admin...', Array)
#5 C:\xampp\htdocs\spk_seminar\system\CodeIgniter.php(832): App\Controllers\Admin\Dashboard->edit_field_seminar('1')
#6 C:\xampp\htdocs\spk_seminar\system\CodeIgniter.php(419): CodeIgniter\CodeIgniter->runController(Object(App\Controllers\Admin\Dashboard))
#7 C:\xampp\htdocs\spk_seminar\system\CodeIgniter.php(326): CodeIgniter\CodeIgniter->handleRequest(NULL, Object(Config\Cache), false)
#8 C:\xampp\htdocs\spk_seminar\public\index.php(37): CodeIgniter\CodeIgniter->run()
#9 C:\xampp\htdocs\spk_seminar\system\Commands\Server\rewrite.php(43): require_once('C:\\xampp\\htdocs...')
#10 {main}
CRITICAL - 2022-03-26 19:37:48 --> count(): Argument #1 ($value) must be of type Countable|array, null given
#0 C:\xampp\htdocs\spk_seminar\system\View\View.php(210): include()
#1 C:\xampp\htdocs\spk_seminar\system\View\View.php(213): CodeIgniter\View\View->CodeIgniter\View\{closure}()
#2 C:\xampp\htdocs\spk_seminar\system\Common.php(1089): CodeIgniter\View\View->render('dashboard/index', Array, true)
#3 C:\xampp\htdocs\spk_seminar\app\Controllers\Admin\Dashboard.php(29): view('dashboard/index', Array)
#4 C:\xampp\htdocs\spk_seminar\system\CodeIgniter.php(832): App\Controllers\Admin\Dashboard->index()
#5 C:\xampp\htdocs\spk_seminar\system\CodeIgniter.php(419): CodeIgniter\CodeIgniter->runController(Object(App\Controllers\Admin\Dashboard))
#6 C:\xampp\htdocs\spk_seminar\system\CodeIgniter.php(326): CodeIgniter\CodeIgniter->handleRequest(NULL, Object(Config\Cache), false)
#7 C:\xampp\htdocs\spk_seminar\public\index.php(37): CodeIgniter\CodeIgniter->run()
#8 C:\xampp\htdocs\spk_seminar\system\Commands\Server\rewrite.php(43): require_once('C:\\xampp\\htdocs...')
#9 {main}
CRITICAL - 2022-03-26 19:54:19 --> Invalid file: admin/scripts/seminar.php
#0 C:\xampp\htdocs\spk_seminar\system\View\View.php(198): CodeIgniter\Exceptions\FrameworkException::forInvalidFile('admin/scripts/s...')
#1 C:\xampp\htdocs\spk_seminar\system\Common.php(1089): CodeIgniter\View\View->render('admin/scripts/s...', Array, true)
#2 C:\xampp\htdocs\spk_seminar\app\Views\dashboard\layout\template.php(202): view('admin/scripts/s...')
#3 C:\xampp\htdocs\spk_seminar\system\View\View.php(210): include('C:\\xampp\\htdocs...')
#4 C:\xampp\htdocs\spk_seminar\system\View\View.php(213): CodeIgniter\View\View->CodeIgniter\View\{closure}()
#5 C:\xampp\htdocs\spk_seminar\system\View\View.php(226): CodeIgniter\View\View->render('dashboard/layou...', Array, true)
#6 C:\xampp\htdocs\spk_seminar\system\Common.php(1089): CodeIgniter\View\View->render('dashboard/admin...', Array, true)
#7 C:\xampp\htdocs\spk_seminar\app\Controllers\Admin\Dashboard.php(135): view('dashboard/admin...', Array)
#8 C:\xampp\htdocs\spk_seminar\system\CodeIgniter.php(832): App\Controllers\Admin\Dashboard->seminar()
#9 C:\xampp\htdocs\spk_seminar\system\CodeIgniter.php(419): CodeIgniter\CodeIgniter->runController(Object(App\Controllers\Admin\Dashboard))
#10 C:\xampp\htdocs\spk_seminar\system\CodeIgniter.php(326): CodeIgniter\CodeIgniter->handleRequest(NULL, Object(Config\Cache), false)
#11 C:\xampp\htdocs\spk_seminar\public\index.php(37): CodeIgniter\CodeIgniter->run()
#12 C:\xampp\htdocs\spk_seminar\system\Commands\Server\rewrite.php(43): require_once('C:\\xampp\\htdocs...')
#13 {main}
