CRITICAL - 2022-05-23 17:03:31 --> Unsupported operand types: int / array
#0 C:\xampp\htdocs\spk_seminar\system\View\View.php(210): include()
#1 C:\xampp\htdocs\spk_seminar\system\View\View.php(213): CodeIgniter\View\View->CodeIgniter\View\{closure}()
#2 C:\xampp\htdocs\spk_seminar\system\Common.php(1089): CodeIgniter\View\View->render('dashboard/admin...', Array, true)
#3 C:\xampp\htdocs\spk_seminar\app\Controllers\Admin\Dashboard.php(585): view('dashboard/admin...', Array)
#4 C:\xampp\htdocs\spk_seminar\system\CodeIgniter.php(832): App\Controllers\Admin\Dashboard->comprehension()
#5 C:\xampp\htdocs\spk_seminar\system\CodeIgniter.php(419): CodeIgniter\CodeIgniter->runController(Object(App\Controllers\Admin\Dashboard))
#6 C:\xampp\htdocs\spk_seminar\system\CodeIgniter.php(326): CodeIgniter\CodeIgniter->handleRequest(NULL, Object(Config\Cache), false)
#7 C:\xampp\htdocs\spk_seminar\public\index.php(37): CodeIgniter\CodeIgniter->run()
#8 C:\xampp\htdocs\spk_seminar\system\Commands\Server\rewrite.php(43): require_once('C:\\xampp\\htdocs...')
#9 {main}
CRITICAL - 2022-05-23 17:03:40 --> Unsupported operand types: int / array
#0 C:\xampp\htdocs\spk_seminar\system\View\View.php(210): include()
#1 C:\xampp\htdocs\spk_seminar\system\View\View.php(213): CodeIgniter\View\View->CodeIgniter\View\{closure}()
#2 C:\xampp\htdocs\spk_seminar\system\Common.php(1089): CodeIgniter\View\View->render('dashboard/admin...', Array, true)
#3 C:\xampp\htdocs\spk_seminar\app\Controllers\Admin\Dashboard.php(585): view('dashboard/admin...', Array)
#4 C:\xampp\htdocs\spk_seminar\system\CodeIgniter.php(832): App\Controllers\Admin\Dashboard->comprehension()
#5 C:\xampp\htdocs\spk_seminar\system\CodeIgniter.php(419): CodeIgniter\CodeIgniter->runController(Object(App\Controllers\Admin\Dashboard))
#6 C:\xampp\htdocs\spk_seminar\system\CodeIgniter.php(326): CodeIgniter\CodeIgniter->handleRequest(NULL, Object(Config\Cache), false)
#7 C:\xampp\htdocs\spk_seminar\public\index.php(37): CodeIgniter\CodeIgniter->run()
#8 C:\xampp\htdocs\spk_seminar\system\Commands\Server\rewrite.php(43): require_once('C:\\xampp\\htdocs...')
#9 {main}
CRITICAL - 2022-05-23 17:03:54 --> Unsupported operand types: int / array
#0 C:\xampp\htdocs\spk_seminar\system\View\View.php(210): include()
#1 C:\xampp\htdocs\spk_seminar\system\View\View.php(213): CodeIgniter\View\View->CodeIgniter\View\{closure}()
#2 C:\xampp\htdocs\spk_seminar\system\Common.php(1089): CodeIgniter\View\View->render('dashboard/admin...', Array, true)
#3 C:\xampp\htdocs\spk_seminar\app\Controllers\Admin\Dashboard.php(585): view('dashboard/admin...', Array)
#4 C:\xampp\htdocs\spk_seminar\system\CodeIgniter.php(832): App\Controllers\Admin\Dashboard->comprehension()
#5 C:\xampp\htdocs\spk_seminar\system\CodeIgniter.php(419): CodeIgniter\CodeIgniter->runController(Object(App\Controllers\Admin\Dashboard))
#6 C:\xampp\htdocs\spk_seminar\system\CodeIgniter.php(326): CodeIgniter\CodeIgniter->handleRequest(NULL, Object(Config\Cache), false)
#7 C:\xampp\htdocs\spk_seminar\public\index.php(37): CodeIgniter\CodeIgniter->run()
#8 C:\xampp\htdocs\spk_seminar\system\Commands\Server\rewrite.php(43): require_once('C:\\xampp\\htdocs...')
#9 {main}
CRITICAL - 2022-05-23 17:05:52 --> round(): Argument #1 ($num) must be of type int|float, string given
#0 C:\xampp\htdocs\spk_seminar\app\Views\dashboard\admin\comprehension.php(60): round('66.666666666667...', 2, 1)
#1 C:\xampp\htdocs\spk_seminar\system\View\View.php(210): include('C:\\xampp\\htdocs...')
#2 C:\xampp\htdocs\spk_seminar\system\View\View.php(213): CodeIgniter\View\View->CodeIgniter\View\{closure}()
#3 C:\xampp\htdocs\spk_seminar\system\Common.php(1089): CodeIgniter\View\View->render('dashboard/admin...', Array, true)
#4 C:\xampp\htdocs\spk_seminar\app\Controllers\Admin\Dashboard.php(585): view('dashboard/admin...', Array)
#5 C:\xampp\htdocs\spk_seminar\system\CodeIgniter.php(832): App\Controllers\Admin\Dashboard->comprehension()
#6 C:\xampp\htdocs\spk_seminar\system\CodeIgniter.php(419): CodeIgniter\CodeIgniter->runController(Object(App\Controllers\Admin\Dashboard))
#7 C:\xampp\htdocs\spk_seminar\system\CodeIgniter.php(326): CodeIgniter\CodeIgniter->handleRequest(NULL, Object(Config\Cache), false)
#8 C:\xampp\htdocs\spk_seminar\public\index.php(37): CodeIgniter\CodeIgniter->run()
#9 C:\xampp\htdocs\spk_seminar\system\Commands\Server\rewrite.php(43): require_once('C:\\xampp\\htdocs...')
#10 {main}
