CRITICAL - 2022-04-02 08:01:13 --> Undefined variable $title
#0 C:\xampp\htdocs\spk_seminar\app\Views\auth\layout\template.php(7): CodeIgniter\Debug\Exceptions->errorHandler(2, 'Undefined varia...', 'C:\\xampp\\htdocs...', 7)
#1 C:\xampp\htdocs\spk_seminar\system\View\View.php(210): include('C:\\xampp\\htdocs...')
#2 C:\xampp\htdocs\spk_seminar\system\View\View.php(213): CodeIgniter\View\View->CodeIgniter\View\{closure}()
#3 C:\xampp\htdocs\spk_seminar\system\View\View.php(226): CodeIgniter\View\View->render('auth/layout/tem...', Array, true)
#4 C:\xampp\htdocs\spk_seminar\system\Common.php(1089): CodeIgniter\View\View->render('\\App\\Views\\Auth...', Array, true)
#5 C:\xampp\htdocs\spk_seminar\vendor\myth\auth\src\Controllers\AuthController.php(434): view('\\App\\Views\\Auth...', Array)
#6 C:\xampp\htdocs\spk_seminar\vendor\myth\auth\src\Controllers\AuthController.php(144): Myth\Auth\Controllers\AuthController->_render('\\App\\Views\\Auth...', Array)
#7 C:\xampp\htdocs\spk_seminar\system\CodeIgniter.php(832): Myth\Auth\Controllers\AuthController->register()
#8 C:\xampp\htdocs\spk_seminar\system\CodeIgniter.php(419): CodeIgniter\CodeIgniter->runController(Object(Myth\Auth\Controllers\AuthController))
#9 C:\xampp\htdocs\spk_seminar\system\CodeIgniter.php(326): CodeIgniter\CodeIgniter->handleRequest(NULL, Object(Config\Cache), false)
#10 C:\xampp\htdocs\spk_seminar\public\index.php(37): CodeIgniter\CodeIgniter->run()
#11 C:\xampp\htdocs\spk_seminar\system\Commands\Server\rewrite.php(43): require_once('C:\\xampp\\htdocs...')
#12 {main}
CRITICAL - 2022-04-02 08:29:47 --> whereNotIn() expects $values to be of type array or closure
#0 C:\xampp\htdocs\spk_seminar\system\Database\BaseBuilder.php(757): CodeIgniter\Database\BaseBuilder->_whereIn('id', '1', true, 'AND ', NULL)
#1 C:\xampp\htdocs\spk_seminar\system\Model.php(728): CodeIgniter\Database\BaseBuilder->whereNotIn('id', '1')
#2 C:\xampp\htdocs\spk_seminar\app\Controllers\Admin\Dashboard.php(29): CodeIgniter\Model->__call('whereNotIn', Array)
#3 C:\xampp\htdocs\spk_seminar\system\CodeIgniter.php(832): App\Controllers\Admin\Dashboard->index()
#4 C:\xampp\htdocs\spk_seminar\system\CodeIgniter.php(419): CodeIgniter\CodeIgniter->runController(Object(App\Controllers\Admin\Dashboard))
#5 C:\xampp\htdocs\spk_seminar\system\CodeIgniter.php(326): CodeIgniter\CodeIgniter->handleRequest(NULL, Object(Config\Cache), false)
#6 C:\xampp\htdocs\spk_seminar\public\index.php(37): CodeIgniter\CodeIgniter->run()
#7 C:\xampp\htdocs\spk_seminar\system\Commands\Server\rewrite.php(43): require_once('C:\\xampp\\htdocs...')
#8 {main}
CRITICAL - 2022-04-02 08:30:04 --> CodeIgniter\Database\BaseBuilder::whereNotIn(): Argument #1 ($key) must be of type ?string, array given, called in C:\xampp\htdocs\spk_seminar\system\Model.php on line 728
#0 C:\xampp\htdocs\spk_seminar\system\Model.php(728): CodeIgniter\Database\BaseBuilder->whereNotIn(Array)
#1 C:\xampp\htdocs\spk_seminar\app\Controllers\Admin\Dashboard.php(29): CodeIgniter\Model->__call('whereNotIn', Array)
#2 C:\xampp\htdocs\spk_seminar\system\CodeIgniter.php(832): App\Controllers\Admin\Dashboard->index()
#3 C:\xampp\htdocs\spk_seminar\system\CodeIgniter.php(419): CodeIgniter\CodeIgniter->runController(Object(App\Controllers\Admin\Dashboard))
#4 C:\xampp\htdocs\spk_seminar\system\CodeIgniter.php(326): CodeIgniter\CodeIgniter->handleRequest(NULL, Object(Config\Cache), false)
#5 C:\xampp\htdocs\spk_seminar\public\index.php(37): CodeIgniter\CodeIgniter->run()
#6 C:\xampp\htdocs\spk_seminar\system\Commands\Server\rewrite.php(43): require_once('C:\\xampp\\htdocs...')
#7 {main}
CRITICAL - 2022-04-02 08:31:20 --> Unclosed '(' does not match ']'
#0 C:\xampp\htdocs\spk_seminar\system\Autoloader\Autoloader.php(241): CodeIgniter\Autoloader\Autoloader->includeFile('C:\\xampp\\htdocs...')
#1 C:\xampp\htdocs\spk_seminar\system\Autoloader\Autoloader.php(219): CodeIgniter\Autoloader\Autoloader->loadInNamespace('App\\Controllers...')
#2 [internal function]: CodeIgniter\Autoloader\Autoloader->loadClass('App\\Controllers...')
#3 C:\xampp\htdocs\spk_seminar\system\CodeIgniter.php(797): class_exists('\\App\\Controller...', true)
#4 C:\xampp\htdocs\spk_seminar\system\CodeIgniter.php(406): CodeIgniter\CodeIgniter->startController()
#5 C:\xampp\htdocs\spk_seminar\system\CodeIgniter.php(326): CodeIgniter\CodeIgniter->handleRequest(NULL, Object(Config\Cache), false)
#6 C:\xampp\htdocs\spk_seminar\public\index.php(37): CodeIgniter\CodeIgniter->run()
#7 C:\xampp\htdocs\spk_seminar\system\Commands\Server\rewrite.php(43): require_once('C:\\xampp\\htdocs...')
#8 {main}
